

*******************************************************************************
Thu Oct 10 14:23:29 2019


FIT:    data read from 'output.txt'
        format = z
        x range restricted to [0.00000 : 60.0000]
        #datapoints = 1801
        residuals are weighted equally (unit weight)

function used for fitting: f(x)
	f(x) = K+A*exp(-b*x)*cos(w*x-p)
fitted parameters initialized with current variable values

iter      chisq       delta/lim  lambda   K             A             b             w             p            
   0 2.0455156423e+03   0.00e+00  4.50e-01    1.000000e+00   1.000000e+00   1.000000e+00   1.000000e+00   1.000000e+00
  31 1.7892277651e-02  -2.18e-01  4.50e-01   -5.050800e-02   8.072293e-02   8.232493e-03   4.624864e+00   3.356546e+00

After 31 iterations the fit converged.
final sum of squares of residuals : 0.0178923
rel. change during last iteration : -2.17639e-06

degrees of freedom    (FIT_NDF)                        : 1796
rms of residuals      (FIT_STDFIT) = sqrt(WSSR/ndf)    : 0.00315631
variance of residuals (reduced chisquare) = WSSR/ndf   : 9.96229e-06

Final set of parameters            Asymptotic Standard Error
=======================            ==========================
K               = -0.050508        +/- 7.438e-05    (0.1473%)
A               = 0.0807229        +/- 0.0002358    (0.2921%)
b               = 0.00823249       +/- 9.717e-05    (1.18%)
w               = 4.62486          +/- 9.798e-05    (0.002119%)
p               = 3.35655          +/- 0.002946     (0.08778%)

correlation matrix of the fit parameters:
                K      A      b      w      p      
K               1.000 
A              -0.001  1.000 
b              -0.005  0.826  1.000 
w               0.014 -0.043 -0.136  1.000 
p               0.013 -0.038 -0.115  0.831  1.000 
